<?xml version="1.0" encoding="UTF-8"?>
<!-- Generated by org.testng.reporters.JUnitReportReporter -->
<testsuite skipped="0" hostname="localhost.localdomain" name="TestCases.TC001" tests="2" failures="0" timestamp="20 Jun 2019 12:56:24 GMT" time="5.373" errors="0">
  <testcase name="runLogin" time="2.344" classname="TestCases.TC001"/>
  <testcase name="runLogin" time="3.029" classname="TestCases.TC001"/>
</testsuite> <!-- TestCases.TC001 -->
